{
  "RSpec": {
    "coverage": {
      "/Users/Clint/Projects/quick_blog/spec/models/comment_spec.rb": [
        1,
        null,
        1,
        1,
        3,
        3,
        null,
        1,
        2,
        2,
        2,
        null,
        null,
        null,
        null
      ],
      "/Users/Clint/Projects/quick_blog/spec/rails_helper.rb": [
        1,
        1,
        null,
        1,
        1,
        1,
        null,
        1,
        1,
        null,
        1,
        1,
        null,
        null,
        null,
        null,
        null,
        null,
        null,
        null,
        null,
        null,
        null,
        null,
        null,
        null,
        null,
        null,
        null,
        null,
        1,
        null,
        1,
        null,
        1,
        null,
        null,
        null,
        null,
        1,
        null,
        null,
        null,
        null,
        null,
        null,
        null,
        null,
        null,
        null,
        null,
        null,
        null,
        null,
        1,
        null,
        null,
        1,
        null,
        null,
        null
      ],
      "/Users/Clint/Projects/quick_blog/config/environment.rb": [
        null,
        1,
        null,
        null,
        1
      ],
      "/Users/Clint/Projects/quick_blog/config/application.rb": [
        1,
        null,
        1,
        null,
        1,
        1,
        1,
        1,
        1,
        1,
        1,
        1,
        null,
        null,
        null,
        null,
        1,
        null,
        1,
        1,
        null,
        1,
        null,
        null,
        null,
        null,
        null,
        null,
        1,
        null,
        null
      ],
      "/Users/Clint/Projects/quick_blog/config/boot.rb": [
        1,
        null,
        1
      ],
      "/Users/Clint/Projects/quick_blog/config/environments/test.rb": [
        1,
        null,
        null,
        null,
        null,
        null,
        null,
        1,
        null,
        null,
        null,
        null,
        1,
        null,
        null,
        1,
        1,
        null,
        null,
        null,
        null,
        1,
        1,
        null,
        null,
        1,
        null,
        null,
        1,
        1,
        null,
        null,
        null,
        null,
        1,
        null,
        null,
        1,
        null,
        null,
        null,
        null
      ],
      "/Users/Clint/Projects/quick_blog/config/initializers/application_controller_renderer.rb": [
        null,
        null,
        null,
        null,
        null,
        null
      ],
      "/Users/Clint/Projects/quick_blog/config/initializers/assets.rb": [
        null,
        null,
        null,
        1,
        null,
        null,
        null,
        null,
        1,
        null,
        null,
        null,
        null,
        null
      ],
      "/Users/Clint/Projects/quick_blog/config/initializers/backtrace_silencers.rb": [
        null,
        null,
        null,
        null,
        null,
        null,
        null
      ],
      "/Users/Clint/Projects/quick_blog/config/initializers/cookies_serializer.rb": [
        null,
        null,
        null,
        null,
        1
      ],
      "/Users/Clint/Projects/quick_blog/config/initializers/filter_parameter_logging.rb": [
        null,
        null,
        null,
        1
      ],
      "/Users/Clint/Projects/quick_blog/config/initializers/inflections.rb": [
        null,
        null,
        null,
        null,
        null,
        null,
        null,
        null,
        null,
        null,
        null,
        null,
        null,
        null,
        null,
        null
      ],
      "/Users/Clint/Projects/quick_blog/config/initializers/mime_types.rb": [
        null,
        null,
        null,
        null
      ],
      "/Users/Clint/Projects/quick_blog/config/initializers/wrap_parameters.rb": [
        null,
        null,
        null,
        null,
        null,
        null,
        1,
        2,
        null,
        null,
        null,
        null,
        null,
        null
      ],
      "/Users/Clint/Projects/quick_blog/config/routes.rb": [
        1,
        1,
        null,
        1,
        1,
        null,
        null,
        null
      ],
      "/Users/Clint/Projects/quick_blog/app/helpers/application_helper.rb": [
        1,
        null
      ],
      "/Users/Clint/Projects/quick_blog/app/helpers/comments_helper.rb": [
        1,
        null
      ],
      "/Users/Clint/Projects/quick_blog/app/helpers/posts_helper.rb": [
        1,
        null
      ],
      "/Users/Clint/Projects/quick_blog/app/models/comment.rb": [
        1,
        1,
        null,
        1,
        null
      ],
      "/Users/Clint/Projects/quick_blog/app/models/application_record.rb": [
        1,
        1,
        null
      ],
      "/Users/Clint/Projects/quick_blog/spec/models/post_spec.rb": [
        1,
        null,
        1,
        3,
        3,
        null,
        1,
        2,
        2,
        2,
        null,
        null,
        null
      ],
      "/Users/Clint/Projects/quick_blog/app/models/post.rb": [
        1,
        1,
        null,
        1,
        null
      ]
    },
    "timestamp": 1496210629
  }
}
